<?xml version="1.0" encoding="UTF-8"?>
<!-- Generated by org.testng.reporters.JUnitXMLReporter -->
<testsuite hostname="IRONMAN" ignored="0" name="Default test" tests="13" failures="0" timestamp="2021-11-18T01:34:58 IST" time="149.076" errors="0">
  <testcase name="homePageLanding" time="10.974" classname="com.mindtree.runner.BigSmall"/>
  <testcase name="signInTesting" time="7.709" classname="com.mindtree.runner.BigSmall"/>
  <testcase name="signInTesting" time="6.921" classname="com.mindtree.runner.BigSmall"/>
  <testcase name="signInTesting" time="6.551" classname="com.mindtree.runner.BigSmall"/>
  <testcase name="persionalizedGiftMenuTesting" time="32.536" classname="com.mindtree.runner.BigSmall"/>
  <testcase name="searchingBoxTesting" time="10.092" classname="com.mindtree.runner.BigSmall"/>
  <testcase name="ChristmasGiftMenuTesting" time="26.775" classname="com.mindtree.runner.BigSmall"/>
  <testcase name="ShopByCategoryTesting" time="16.991" classname="com.mindtree.runner.BigSmall"/>
  <testcase name="AllOfItTesting" time="6.526" classname="com.mindtree.runner.BigSmall"/>
  <testcase name="WishListTesting" time="13.215" classname="com.mindtree.runner.BigSmall"/>
  <testcase name="GitCartTesting" time="3.081" classname="com.mindtree.runner.BigSmall"/>
  <testcase name="AboutUsTesting" time="3.16" classname="com.mindtree.runner.BigSmall"/>
  <testcase name="contactUsTesting" time="3.898" classname="com.mindtree.runner.BigSmall"/>
</testsuite> <!-- Default test -->
