<?xml version="1.0" encoding="UTF-8"?>
<!-- Generated by org.testng.reporters.JUnitXMLReporter -->
<testsuite hostname="IRONMAN" ignored="0" name="Test" tests="13" failures="1" timestamp="2021-11-19T17:11:37 IST" time="152.82" errors="0">
  <testcase name="homePageLanding" time="9.517" classname="com.mindtree.runner.BigSmall"/>
  <testcase name="signInTesting" time="7.257" classname="com.mindtree.runner.BigSmall"/>
  <testcase name="signInTesting" time="3.403" classname="com.mindtree.runner.BigSmall"/>
  <testcase name="signInTesting" time="5.198" classname="com.mindtree.runner.BigSmall"/>
  <testcase name="persionalizedGiftMenuTesting" time="33.448" classname="com.mindtree.runner.BigSmall"/>
  <testcase name="searchingBoxTesting" time="10.436" classname="com.mindtree.runner.BigSmall"/>
  <testcase name="ChristmasGiftMenuTesting" time="26.302" classname="com.mindtree.runner.BigSmall"/>
  <testcase name="ShopByCategoryTesting" time="17.246" classname="com.mindtree.runner.BigSmall">
    <failure type="java.lang.AssertionError" message="did not expect to find [true] but found [false]">
      <![CDATA[java.lang.AssertionError: did not expect to find [true] but found [false]
at com.mindtree.runner.BigSmall.ShopByCategoryTesting(BigSmall.java:255)
at java.util.ArrayList.forEach(Unknown Source)
... Removed 31 stack frames]]>
    </failure>
  </testcase> <!-- ShopByCategoryTesting -->
  <testcase name="AllOfItTesting" time="7.195" classname="com.mindtree.runner.BigSmall"/>
  <testcase name="WishListTesting" time="13.423" classname="com.mindtree.runner.BigSmall"/>
  <testcase name="GitCartTesting" time="3.207" classname="com.mindtree.runner.BigSmall"/>
  <testcase name="AboutUsTesting" time="2.937" classname="com.mindtree.runner.BigSmall"/>
  <testcase name="contactUsTesting" time="3.933" classname="com.mindtree.runner.BigSmall"/>
</testsuite> <!-- Test -->
