<?xml version="1.0" encoding="UTF-8"?>
<testng-results skipped="0" failed="1" ignored="0" total="13" passed="12">
  <reporter-output>
  </reporter-output>
  <suite name="Suite" duration-ms="152820" started-at="2021-11-19T17:09:04 IST" finished-at="2021-11-19T17:11:37 IST">
    <groups>
    </groups>
    <test name="Test" duration-ms="152820" started-at="2021-11-19T17:09:04 IST" finished-at="2021-11-19T17:11:37 IST">
      <class name="com.mindtree.runner.BigSmall">
        <test-method status="PASS" signature="homePageLanding()[pri:1, instance:com.mindtree.runner.BigSmall@4923ab24]" name="homePageLanding" duration-ms="9517" started-at="2021-11-19T17:09:04 IST" finished-at="2021-11-19T17:09:14 IST">
          <reporter-output>
          </reporter-output>
        </test-method> <!-- homePageLanding -->
        <test-method status="PASS" signature="signInTesting(java.lang.String, java.lang.String)[pri:2, instance:com.mindtree.runner.BigSmall@4923ab24]" name="signInTesting" duration-ms="7257" started-at="2021-11-19T17:09:15 IST" data-provider="dataSuplier" finished-at="2021-11-19T17:09:22 IST">
          <params>
            <param index="0">
              <value>
                <![CDATA[]]>
              </value>
            </param>
            <param index="1">
              <value>
                <![CDATA[]]>
              </value>
            </param>
          </params>
          <reporter-output>
          </reporter-output>
        </test-method> <!-- signInTesting -->
        <test-method status="PASS" signature="signInTesting(java.lang.String, java.lang.String)[pri:2, instance:com.mindtree.runner.BigSmall@4923ab24]" name="signInTesting" duration-ms="3403" started-at="2021-11-19T17:09:22 IST" data-provider="dataSuplier" finished-at="2021-11-19T17:09:26 IST">
          <params>
            <param index="0">
              <value>
                <![CDATA[defenceaspirants87@gmail.com]]>
              </value>
            </param>
            <param index="1">
              <value>
                <![CDATA[gguytuy]]>
              </value>
            </param>
          </params>
          <reporter-output>
          </reporter-output>
        </test-method> <!-- signInTesting -->
        <test-method status="PASS" signature="signInTesting(java.lang.String, java.lang.String)[pri:2, instance:com.mindtree.runner.BigSmall@4923ab24]" name="signInTesting" duration-ms="5198" started-at="2021-11-19T17:09:26 IST" data-provider="dataSuplier" finished-at="2021-11-19T17:09:31 IST">
          <params>
            <param index="0">
              <value>
                <![CDATA[rathorb87@gmail.com]]>
              </value>
            </param>
            <param index="1">
              <value>
                <![CDATA[Bigsmall@123]]>
              </value>
            </param>
          </params>
          <reporter-output>
          </reporter-output>
        </test-method> <!-- signInTesting -->
        <test-method status="PASS" signature="persionalizedGiftMenuTesting()[pri:3, instance:com.mindtree.runner.BigSmall@4923ab24]" name="persionalizedGiftMenuTesting" duration-ms="33448" started-at="2021-11-19T17:09:35 IST" finished-at="2021-11-19T17:10:08 IST">
          <reporter-output>
          </reporter-output>
        </test-method> <!-- persionalizedGiftMenuTesting -->
        <test-method status="PASS" signature="searchingBoxTesting()[pri:4, instance:com.mindtree.runner.BigSmall@4923ab24]" name="searchingBoxTesting" duration-ms="10436" started-at="2021-11-19T17:10:10 IST" finished-at="2021-11-19T17:10:20 IST">
          <reporter-output>
          </reporter-output>
        </test-method> <!-- searchingBoxTesting -->
        <test-method status="PASS" signature="ChristmasGiftMenuTesting()[pri:5, instance:com.mindtree.runner.BigSmall@4923ab24]" name="ChristmasGiftMenuTesting" duration-ms="26302" started-at="2021-11-19T17:10:20 IST" finished-at="2021-11-19T17:10:47 IST">
          <reporter-output>
          </reporter-output>
        </test-method> <!-- ChristmasGiftMenuTesting -->
        <test-method status="FAIL" signature="ShopByCategoryTesting()[pri:6, instance:com.mindtree.runner.BigSmall@4923ab24]" name="ShopByCategoryTesting" duration-ms="17246" started-at="2021-11-19T17:10:47 IST" finished-at="2021-11-19T17:11:04 IST">
          <exception class="java.lang.AssertionError">
            <message>
              <![CDATA[did not expect to find [true] but found [false]]]>
            </message>
            <full-stacktrace>
              <![CDATA[java.lang.AssertionError: did not expect to find [true] but found [false]
at org.testng.Assert.fail(Assert.java:97)
at org.testng.Assert.failNotEquals(Assert.java:969)
at org.testng.Assert.assertTrue(Assert.java:43)
at org.testng.Assert.assertTrue(Assert.java:53)
at com.mindtree.runner.BigSmall.ShopByCategoryTesting(BigSmall.java:255)
at sun.reflect.NativeMethodAccessorImpl.invoke0(Native Method)
at sun.reflect.NativeMethodAccessorImpl.invoke(Unknown Source)
at sun.reflect.DelegatingMethodAccessorImpl.invoke(Unknown Source)
at java.lang.reflect.Method.invoke(Unknown Source)
at org.testng.internal.MethodInvocationHelper.invokeMethod(MethodInvocationHelper.java:133)
at org.testng.internal.TestInvoker.invokeMethod(TestInvoker.java:584)
at org.testng.internal.TestInvoker.invokeTestMethod(TestInvoker.java:172)
at org.testng.internal.MethodRunner.runInSequence(MethodRunner.java:46)
at org.testng.internal.TestInvoker$MethodInvocationAgent.invoke(TestInvoker.java:804)
at org.testng.internal.TestInvoker.invokeTestMethods(TestInvoker.java:145)
at org.testng.internal.TestMethodWorker.invokeTestMethods(TestMethodWorker.java:146)
at org.testng.internal.TestMethodWorker.run(TestMethodWorker.java:128)
at java.util.ArrayList.forEach(Unknown Source)
at org.testng.TestRunner.privateRun(TestRunner.java:770)
at org.testng.TestRunner.run(TestRunner.java:591)
at org.testng.SuiteRunner.runTest(SuiteRunner.java:402)
at org.testng.SuiteRunner.runSequentially(SuiteRunner.java:396)
at org.testng.SuiteRunner.privateRun(SuiteRunner.java:355)
at org.testng.SuiteRunner.run(SuiteRunner.java:304)
at org.testng.SuiteRunnerWorker.runSuite(SuiteRunnerWorker.java:53)
at org.testng.SuiteRunnerWorker.run(SuiteRunnerWorker.java:96)
at org.testng.TestNG.runSuitesSequentially(TestNG.java:1180)
at org.testng.TestNG.runSuitesLocally(TestNG.java:1102)
at org.testng.TestNG.runSuites(TestNG.java:1032)
at org.testng.TestNG.run(TestNG.java:1000)
at org.testng.remote.AbstractRemoteTestNG.run(AbstractRemoteTestNG.java:115)
at org.testng.remote.RemoteTestNG.initAndRun(RemoteTestNG.java:251)
at org.testng.remote.RemoteTestNG.main(RemoteTestNG.java:77)
]]>
            </full-stacktrace>
          </exception> <!-- java.lang.AssertionError -->
          <reporter-output>
          </reporter-output>
        </test-method> <!-- ShopByCategoryTesting -->
        <test-method status="PASS" signature="AllOfItTesting()[pri:7, instance:com.mindtree.runner.BigSmall@4923ab24]" name="AllOfItTesting" duration-ms="7195" started-at="2021-11-19T17:11:04 IST" finished-at="2021-11-19T17:11:12 IST">
          <reporter-output>
          </reporter-output>
        </test-method> <!-- AllOfItTesting -->
        <test-method status="PASS" signature="WishListTesting()[pri:8, instance:com.mindtree.runner.BigSmall@4923ab24]" name="WishListTesting" duration-ms="13423" started-at="2021-11-19T17:11:12 IST" finished-at="2021-11-19T17:11:25 IST">
          <reporter-output>
          </reporter-output>
        </test-method> <!-- WishListTesting -->
        <test-method status="PASS" signature="GitCartTesting()[pri:9, instance:com.mindtree.runner.BigSmall@4923ab24]" name="GitCartTesting" duration-ms="3207" started-at="2021-11-19T17:11:26 IST" finished-at="2021-11-19T17:11:29 IST">
          <reporter-output>
          </reporter-output>
        </test-method> <!-- GitCartTesting -->
        <test-method status="PASS" signature="AboutUsTesting()[pri:10, instance:com.mindtree.runner.BigSmall@4923ab24]" name="AboutUsTesting" duration-ms="2937" started-at="2021-11-19T17:11:29 IST" finished-at="2021-11-19T17:11:32 IST">
          <reporter-output>
          </reporter-output>
        </test-method> <!-- AboutUsTesting -->
        <test-method status="PASS" signature="contactUsTesting()[pri:11, instance:com.mindtree.runner.BigSmall@4923ab24]" name="contactUsTesting" duration-ms="3933" started-at="2021-11-19T17:11:33 IST" finished-at="2021-11-19T17:11:36 IST">
          <reporter-output>
          </reporter-output>
        </test-method> <!-- contactUsTesting -->
        <test-method status="PASS" signature="closeDriver()[pri:0, instance:com.mindtree.runner.BigSmall@4923ab24]" name="closeDriver" is-config="true" duration-ms="420" started-at="2021-11-19T17:11:37 IST" finished-at="2021-11-19T17:11:37 IST">
          <reporter-output>
          </reporter-output>
        </test-method> <!-- closeDriver -->
      </class> <!-- com.mindtree.runner.BigSmall -->
    </test> <!-- Test -->
  </suite> <!-- Suite -->
</testng-results>
